nohup: ignoring input
Starting org.bukkit.craftbukkit.Main
2026-01-09T12:25:48.400966811Z ServerMain WARN Advanced terminal features are not available in this environment
[12:25:48 INFO]: [bootstrap] Running Java 21 (OpenJDK 64-Bit Server VM 21.0.9+10-Ubuntu-124.04; Ubuntu null) on Linux 6.8.0-1030-azure (amd64)
[12:25:48 INFO]: [bootstrap] Loading papergsk 1.21.11-DEV-main@8556cb4 (1970-01-01T00:00:00Z) for Minecraft 1.21.11
[12:25:48 INFO]: [PluginInitializerManager] Initializing plugins...
[12:25:49 INFO]: [PluginInitializerManager] Initialized 0 plugins
[12:25:55 INFO]: Environment: Environment[sessionHost=https://sessionserver.mojang.com, servicesHost=https://api.minecraftservices.com, profilesHost=https://api.mojang.com, name=PROD]
[12:25:55 INFO]: Found new data pack file/bukkit, loading it automatically
[12:25:55 INFO]: Found new data pack paper, loading it automatically
[12:25:56 INFO]: No existing world data, creating new world
[12:25:57 INFO]: Loaded 1470 recipes
[12:25:57 INFO]: Loaded 1584 advancements
[12:25:57 INFO]: [ca.spottedleaf.dataconverter.minecraft.datatypes.MCTypeRegistry] Initialising converters for DataConverter...
[12:25:57 INFO]: [ca.spottedleaf.dataconverter.minecraft.datatypes.MCTypeRegistry] Finished initialising converters for DataConverter in 371.9ms
[12:25:57 INFO]: Starting minecraft server version 1.21.11
[12:25:57 INFO]: Loading properties
[12:25:57 INFO]: This server is running papergsk version 1.21.11-DEV-main@8556cb4 (1970-01-01T00:00:00Z) (Implementing API version 1.21.11-GSK-1.0)
[12:25:57 INFO]: [spark] This server bundles the spark profiler. For more information please visit https://docs.papermc.io/paper/profiling
[12:25:57 INFO]: Server Ping Player Sample Count: 12
[12:25:57 INFO]: Using 4 threads for Netty based IO
[12:25:58 INFO]: [MoonriseCommon] Paper is using 1 worker threads, 1 I/O threads
[12:25:59 ERROR]: [TerminalConsole] Failed to read console input
java.io.IOException: Bad file descriptor
	at java.base/java.io.FileInputStream.readBytes(Native Method) ~[?:?]
	at java.base/java.io.FileInputStream.read(FileInputStream.java:287) ~[?:?]
	at java.base/java.io.BufferedInputStream.read1(BufferedInputStream.java:345) ~[?:?]
	at java.base/java.io.BufferedInputStream.implRead(BufferedInputStream.java:420) ~[?:?]
	at java.base/java.io.BufferedInputStream.read(BufferedInputStream.java:399) ~[?:?]
	at java.base/sun.nio.cs.StreamDecoder.readBytes(StreamDecoder.java:350) ~[?:?]
	at java.base/sun.nio.cs.StreamDecoder.implRead(StreamDecoder.java:393) ~[?:?]
	at java.base/sun.nio.cs.StreamDecoder.lockedRead(StreamDecoder.java:217) ~[?:?]
	at java.base/sun.nio.cs.StreamDecoder.read(StreamDecoder.java:171) ~[?:?]
	at java.base/java.io.InputStreamReader.read(InputStreamReader.java:188) ~[?:?]
	at java.base/java.io.BufferedReader.fill(BufferedReader.java:160) ~[?:?]
	at java.base/java.io.BufferedReader.implReadLine(BufferedReader.java:370) ~[?:?]
	at java.base/java.io.BufferedReader.readLine(BufferedReader.java:347) ~[?:?]
	at java.base/java.io.BufferedReader.readLine(BufferedReader.java:436) ~[?:?]
	at net.minecrell.terminalconsole.SimpleTerminalConsole.readCommands(SimpleTerminalConsole.java:180) ~[terminalconsoleappender-1.3.0.jar:?]
	at net.minecrell.terminalconsole.SimpleTerminalConsole.start(SimpleTerminalConsole.java:143) ~[terminalconsoleappender-1.3.0.jar:?]
	at net.minecraft.server.dedicated.DedicatedServer$1.run(DedicatedServer.java:198) ~[paper-1.21.11.jar:1.21.11-DEV-8556cb4]
[12:25:59 INFO]:   ✓ Entity processing optimized
[12:25:59 INFO]:   ✓ Chunk loading optimized with aggressive unloading
[12:25:59 INFO]:   ✓ Redstone tick optimization enabled
[12:25:59 INFO]: ✓ Advanced optimizations applied - expect better TPS and lower latency
[12:25:59 INFO]: ✓ GSK commands registered: /affend, /unaffend, /checkban, /report, /sus, /gmsu, /gmss, /maintenance, /xray, /optstats
[12:25:59 INFO]: 
=== papergsk Optimization Status ===
✓ Advanced Entity AI Optimization
✓ Aggressive Chunk Unloading
✓ Redstone Tick Optimization
✓ Anti-Xray System
✓ Entity Collision Optimization
✓ TPS Target: 20.0 (Maintained)
====================================

[12:25:59 INFO]: Default game type: SURVIVAL
[12:25:59 INFO]: Generating keypair
[12:25:59 INFO]: Starting Minecraft server on *:25565
[12:25:59 INFO]: Paper: Using libdeflate (Linux x86_64) compression from Velocity.
[12:25:59 INFO]: Paper: Using OpenSSL 3.x.x (Linux x86_64) cipher from Velocity.
[12:25:59 INFO]: Server permissions file permissions.yml is empty, ignoring it
[12:25:59 INFO]: Preparing level "world"
[12:25:59 INFO]: [ca.spottedleaf.moonrise.common.util.MoonriseConstants] NUMA enable flag is not set; however there is NUMA interaction support for this OS.
[12:25:59 INFO]: [ca.spottedleaf.moonrise.common.util.MoonriseConstants] Detected 1 NUMA nodes.
[12:25:59 INFO]: Selecting spawn point for world 'minecraft:overworld'...
[12:26:07 INFO]: Selecting spawn point for world 'minecraft:the_nether'...
[12:26:09 INFO]: Selecting spawn point for world 'minecraft:the_end'...
[12:26:10 INFO]: Loading 0 persistent chunks for world 'minecraft:overworld'...
[12:26:10 INFO]: Preparing spawn area: 100%
[12:26:10 INFO]: Prepared spawn area in 10791 ms
[12:26:10 INFO]: Loading 0 persistent chunks for world 'minecraft:the_nether'...
[12:26:10 INFO]: Preparing spawn area: 100%
[12:26:10 INFO]: Prepared spawn area in 2368 ms
[12:26:10 INFO]: Loading 0 persistent chunks for world 'minecraft:the_end'...
[12:26:10 INFO]: Preparing spawn area: 100%
[12:26:10 INFO]: Prepared spawn area in 389 ms
[12:26:10 INFO]: Done preparing level "world" (11.127s)
[12:26:10 INFO]: [spark] Starting background profiler...
[12:26:10 INFO]: Running delayed init tasks
[12:26:10 INFO]: Done (22.724s)! For help, type "help"
